f:\leetcode\leetcode\练习\debug\vc140.pdb
f:\leetcode\leetcode\练习\debug\vc140.idb
f:\leetcode\leetcode\练习\debug\best time to buy and sell stock.obj
f:\leetcode\leetcode\练习\debug\first missing positive.obj
f:\leetcode\leetcode\练习\debug\insertion sort list.obj
f:\leetcode\leetcode\练习\debug\median of two sorted arrays.obj
f:\leetcode\leetcode\练习\debug\palindrome partitioning ii.obj
f:\leetcode\leetcode\练习\debug\palindrome-partitioning.obj
f:\leetcode\leetcode\练习\debug\remove duplicates from sorted array.obj
f:\leetcode\leetcode\练习\debug\sort color.obj
f:\leetcode\leetcode\练习\debug\triangle.obj
f:\leetcode\leetcode\练习\debug\word break ii.obj
f:\leetcode\leetcode\练习\debug\word break.obj
f:\leetcode\leetcode\练习\debug\判断合法ip.obj
f:\leetcode\leetcode\练习\debug\最长不重复子串.obj
f:\leetcode\leetcode\练习\debug\第一题.obj
f:\leetcode\leetcode\练习\debug\第二题.obj
f:\leetcode\leetcode\debug\leetcode.ilk
f:\leetcode\leetcode\debug\leetcode.exe
f:\leetcode\leetcode\debug\leetcode.pdb
f:\leetcode\leetcode\练习\debug\leetcode.tlog\cl.command.1.tlog
f:\leetcode\leetcode\练习\debug\leetcode.tlog\cl.read.1.tlog
f:\leetcode\leetcode\练习\debug\leetcode.tlog\cl.write.1.tlog
f:\leetcode\leetcode\练习\debug\leetcode.tlog\link.command.1.tlog
f:\leetcode\leetcode\练习\debug\leetcode.tlog\link.read.1.tlog
f:\leetcode\leetcode\练习\debug\leetcode.tlog\link.write.1.tlog
