生成启动时间为 2017-08-25 16:40:04。
     1>项目“F:\LeetCode\leetcode\练习\练习.vcxproj”在节点 2 上(Build 个目标)。
     1>C:\Program Files (x86)\MSBuild\Microsoft.Cpp\v4.0\V140\Microsoft.CppBuild.targets(392,5): warning MSB8028: The intermediate directory (Debug\) contains files shared from another project (练习.vcxproj).  This can lead to incorrect clean and rebuild behavior.
     1>ClCompile:
         D:\VS15\VC\bin\CL.exe /c /ZI /nologo /W3 /WX- /sdl /Od /Oy- /D _UNICODE /D UNICODE /Gm /EHsc /RTC1 /MDd /GS /fp:precise /Zc:wchar_t /Zc:forScope /Zc:inline /Fo"Debug\\" /Fd"Debug\vc140.pdb" /Gd /TP /analyze- /errorReport:prompt "Palindrome Partitioning II.cpp" "palindrome-partitioning.cpp" "Word Break II.cpp" "Word Break.cpp" "第一题.cpp" "第二题.cpp"
         第二题.cpp
         第一题.cpp
         Word Break.cpp
     1>f:\leetcode\leetcode\练习\word break.cpp(14): warning C4018: “<=”: 有符号/无符号不匹配
         Word Break II.cpp
         palindrome-partitioning.cpp
         Palindrome Partitioning II.cpp
         正在生成代码...
       Link:
         D:\VS15\VC\bin\link.exe /ERRORREPORT:PROMPT /OUT:"F:\LeetCode\leetcode\Debug\LeetCode.exe" /INCREMENTAL /NOLOGO kernel32.lib user32.lib gdi32.lib winspool.lib comdlg32.lib advapi32.lib shell32.lib ole32.lib oleaut32.lib uuid.lib odbc32.lib odbccp32.lib /MANIFEST /MANIFESTUAC:"level='asInvoker' uiAccess='false'" /manifest:embed /Debug /PDB:"F:\LeetCode\leetcode\Debug\LeetCode.pdb" /TLBID:1 /DYNAMICBASE /NXCOMPAT /IMPLIB:"F:\LeetCode\leetcode\Debug\LeetCode.lib" /MACHINE:X86 "Debug\Palindrome Partitioning II.obj"
         "Debug\palindrome-partitioning.obj"
         "Debug\Word Break II.obj"
         "Debug\Word Break.obj"
         "Debug\第一题.obj"
         "Debug\第二题.obj"
         练习.vcxproj -> F:\LeetCode\leetcode\Debug\LeetCode.exe
     1>已完成生成项目“F:\LeetCode\leetcode\练习\练习.vcxproj”(Build 个目标)的操作。

已成功生成。

已用时间 00:00:05.41
